This file contains any messages produced by compilers while
running configure, to aid debugging if configure makes a mistake.

It was created by libffi configure 3.1, which was
generated by GNU Autoconf 2.69.  Invocation command line was

  $ /home/vovan/GitHub/Building_Calculater_QtPy/Python-3.6.9/Modules/_ctypes/libffi/configure 

## --------- ##
## Platform. ##
## --------- ##

hostname = nout
uname -m = x86_64
uname -r = 4.19.0-8-amd64
uname -s = Linux
uname -v = #1 SMP Debian 4.19.98-1 (2020-01-26)

/usr/bin/uname -p = unknown
/bin/uname -X     = unknown

/bin/arch              = x86_64
/usr/bin/arch -k       = unknown
/usr/convex/getsysinfo = unknown
/usr/bin/hostinfo      = unknown
/bin/machine           = unknown
/usr/bin/oslevel       = unknown
/bin/universe          = unknown

PATH: /usr/local/bin
PATH: /usr/bin
PATH: /bin
PATH: /usr/local/games
PATH: /usr/games


## ----------- ##
## Core tests. ##
## ----------- ##

configure:2739: checking build system type
configure:2753: result: x86_64-unknown-linux-gnu
configure:2773: checking host system type
configure:2786: result: x86_64-unknown-linux-gnu
configure:2806: checking target system type
configure:2819: result: x86_64-unknown-linux-gnu
configure:2915: checking for gsed
configure:2946: result: sed
configure:2974: checking for a BSD-compatible install
configure:3042: result: /usr/bin/install -c
configure:3053: checking whether build environment is sane
configure:3108: result: yes
configure:3254: checking for a thread-safe mkdir -p
configure:3293: result: /usr/bin/mkdir -p
configure:3300: checking for gawk
configure:3316: found /usr/bin/gawk
configure:3327: result: gawk
configure:3338: checking whether make sets $(MAKE)
configure:3360: result: yes
configure:3389: checking whether make supports nested variables
configure:3406: result: yes
configure:3549: checking for gcc
configure:3576: result: gcc -pthread
configure:3805: checking for C compiler version
configure:3814: gcc -pthread --version >&5
gcc (Debian 8.3.0-6) 8.3.0
Copyright (C) 2018 Free Software Foundation, Inc.
This is free software; see the source for copying conditions.  There is NO
warranty; not even for MERCHANTABILITY or FITNESS FOR A PARTICULAR PURPOSE.

configure:3825: $? = 0
configure:3814: gcc -pthread -v >&5
Using built-in specs.
COLLECT_GCC=gcc
COLLECT_LTO_WRAPPER=/usr/lib/gcc/x86_64-linux-gnu/8/lto-wrapper
OFFLOAD_TARGET_NAMES=nvptx-none
OFFLOAD_TARGET_DEFAULT=1
Target: x86_64-linux-gnu
Configured with: ../src/configure -v --with-pkgversion='Debian 8.3.0-6' --with-bugurl=file:///usr/share/doc/gcc-8/README.Bugs --enable-languages=c,ada,c++,go,brig,d,fortran,objc,obj-c++ --prefix=/usr --with-gcc-major-version-only --program-suffix=-8 --program-prefix=x86_64-linux-gnu- --enable-shared --enable-linker-build-id --libexecdir=/usr/lib --without-included-gettext --enable-threads=posix --libdir=/usr/lib --enable-nls --enable-bootstrap --enable-clocale=gnu --enable-libstdcxx-debug --enable-libstdcxx-time=yes --with-default-libstdcxx-abi=new --enable-gnu-unique-object --disable-vtable-verify --enable-libmpx --enable-plugin --enable-default-pie --with-system-zlib --with-target-system-zlib --enable-objc-gc=auto --enable-multiarch --disable-werror --with-arch-32=i686 --with-abi=m64 --with-multilib-list=m32,m64,mx32 --enable-multilib --with-tune=generic --enable-offload-targets=nvptx-none --without-cuda-driver --enable-checking=release --build=x86_64-linux-gnu --host=x86_64-linux-gnu --target=x86_64-linux-gnu
Thread model: posix
gcc version 8.3.0 (Debian 8.3.0-6) 
configure:3825: $? = 0
configure:3814: gcc -pthread -V >&5
gcc: error: unrecognized command line option '-V'
gcc: fatal error: no input files
compilation terminated.
configure:3825: $? = 1
configure:3814: gcc -pthread -qversion >&5
gcc: error: unrecognized command line option '-qversion'; did you mean '--version'?
gcc: fatal error: no input files
compilation terminated.
configure:3825: $? = 1
configure:3845: checking whether the C compiler works
configure:3867: gcc -pthread    conftest.c -lpthread -ldl  -lutil >&5
configure:3871: $? = 0
configure:3919: result: yes
configure:3922: checking for C compiler default output file name
configure:3924: result: a.out
configure:3930: checking for suffix of executables
configure:3937: gcc -pthread -o conftest    conftest.c -lpthread -ldl  -lutil >&5
configure:3941: $? = 0
configure:3963: result: 
configure:3985: checking whether we are cross compiling
configure:3993: gcc -pthread -o conftest    conftest.c -lpthread -ldl  -lutil >&5
configure:3997: $? = 0
configure:4004: ./conftest
configure:4008: $? = 0
configure:3996: result: no
configure:4001: checking for suffix of object files
configure:4023: gcc -pthread -c   conftest.c >&5
configure:4027: $? = 0
configure:4048: result: o
configure:4052: checking whether we are using the GNU C compiler
configure:4071: gcc -pthread -c   conftest.c >&5
configure:4071: $? = 0
configure:4080: result: yes
configure:4089: checking whether gcc -pthread accepts -g
configure:4109: gcc -pthread -c -g  conftest.c >&5
configure:4109: $? = 0
configure:4150: result: yes
configure:4167: checking for gcc -pthread option to accept ISO C89
configure:4230: gcc -pthread  -c   conftest.c >&5
configure:4230: $? = 0
configure:4243: result: none needed
configure:4274: checking for style of include used by make
configure:4302: result: GNU
configure:4328: checking dependency style of gcc -pthread
configure:4439: result: gcc3
configure:4512: checking for g++
configure:4528: found /usr/bin/g++
configure:4539: result: g++
configure:4566: checking for C++ compiler version
configure:4575: g++ --version >&5
g++ (Debian 8.3.0-6) 8.3.0
Copyright (C) 2018 Free Software Foundation, Inc.
This is free software; see the source for copying conditions.  There is NO
warranty; not even for MERCHANTABILITY or FITNESS FOR A PARTICULAR PURPOSE.

configure:4586: $? = 0
configure:4575: g++ -v >&5
Using built-in specs.
COLLECT_GCC=g++
COLLECT_LTO_WRAPPER=/usr/lib/gcc/x86_64-linux-gnu/8/lto-wrapper
OFFLOAD_TARGET_NAMES=nvptx-none
OFFLOAD_TARGET_DEFAULT=1
Target: x86_64-linux-gnu
Configured with: ../src/configure -v --with-pkgversion='Debian 8.3.0-6' --with-bugurl=file:///usr/share/doc/gcc-8/README.Bugs --enable-languages=c,ada,c++,go,brig,d,fortran,objc,obj-c++ --prefix=/usr --with-gcc-major-version-only --program-suffix=-8 --program-prefix=x86_64-linux-gnu- --enable-shared --enable-linker-build-id --libexecdir=/usr/lib --without-included-gettext --enable-threads=posix --libdir=/usr/lib --enable-nls --enable-bootstrap --enable-clocale=gnu --enable-libstdcxx-debug --enable-libstdcxx-time=yes --with-default-libstdcxx-abi=new --enable-gnu-unique-object --disable-vtable-verify --enable-libmpx --enable-plugin --enable-default-pie --with-system-zlib --with-target-system-zlib --enable-objc-gc=auto --enable-multiarch --disable-werror --with-arch-32=i686 --with-abi=m64 --with-multilib-list=m32,m64,mx32 --enable-multilib --with-tune=generic --enable-offload-targets=nvptx-none --without-cuda-driver --enable-checking=release --build=x86_64-linux-gnu --host=x86_64-linux-gnu --target=x86_64-linux-gnu
Thread model: posix
gcc version 8.3.0 (Debian 8.3.0-6) 
configure:4586: $? = 0
configure:4575: g++ -V >&5
g++: error: unrecognized command line option '-V'
g++: fatal error: no input files
compilation terminated.
configure:4586: $? = 1
configure:4575: g++ -qversion >&5
g++: error: unrecognized command line option '-qversion'; did you mean '--version'?
g++: fatal error: no input files
compilation terminated.
configure:4586: $? = 1
configure:4590: checking whether we are using the GNU C++ compiler
configure:4609: g++ -c   conftest.cpp >&5
configure:4609: $? = 0
configure:4618: result: yes
configure:4627: checking whether g++ accepts -g
configure:4647: g++ -c -g  conftest.cpp >&5
configure:4647: $? = 0
configure:4688: result: yes
configure:4713: checking dependency style of g++
configure:4824: result: gcc3
configure:4854: checking dependency style of gcc -pthread
configure:4963: result: gcc3
configure:4979: checking whether gcc -pthread and cc understand -c and -o together
configure:5010: gcc -pthread -c conftest.c -o conftest2.o >&5
configure:5014: $? = 0
configure:5020: gcc -pthread -c conftest.c -o conftest2.o >&5
configure:5024: $? = 0
configure:5035: cc -c conftest.c >&5
configure:5039: $? = 0
configure:5047: cc -c conftest.c -o conftest2.o >&5
configure:5051: $? = 0
configure:5057: cc -c conftest.c -o conftest2.o >&5
